-------------------------------------------------------------------------------
Test set: org.javaboy.sessionshare.SessionshareApplicationTests
-------------------------------------------------------------------------------
Tests run: 1, Failures: 0, Errors: 1, Skipped: 0, Time elapsed: 18.404 s <<< FAILURE! - in org.javaboy.sessionshare.SessionshareApplicationTests
contextLoads(org.javaboy.sessionshare.SessionshareApplicationTests)  Time elapsed: 0.002 s  <<< ERROR!
java.lang.IllegalStateException: Failed to load ApplicationContext
Caused by: org.springframework.beans.factory.BeanCreationException: Error creating bean with name 'enableRedisKeyspaceNotificationsInitializer' defined in class path resource [org/springframework/boot/autoconfigure/session/RedisSessionConfiguration$SpringBootRedisHttpSessionConfiguration.class]: Invocation of init method failed; nested exception is org.springframework.data.redis.RedisConnectionFailureException: Unable to connect to Redis; nested exception is io.lettuce.core.RedisConnectionException: Unable to connect to 192.168.66.128:6379
Caused by: org.springframework.data.redis.RedisConnectionFailureException: Unable to connect to Redis; nested exception is io.lettuce.core.RedisConnectionException: Unable to connect to 192.168.66.128:6379
Caused by: io.lettuce.core.RedisConnectionException: Unable to connect to 192.168.66.128:6379
Caused by: io.netty.channel.ConnectTimeoutException: connection timed out: /192.168.66.128:6379

